\BOOKMARK [1][-]{section.1}{\376\377\000T\000u\000g\000a\000s\000\040\000B\000e\000s\000a\000r\000\040\0001\000\040\000-\000\040\000I\000F\0002\0002\0002\0000\000\040\000P\000r\000o\000b\000a\000b\000i\000l\000i\000t\000a\000s\000\040\000d\000a\000n\000\040\000S\000t\000a\000t\000i\000s\000t\000i\000k\000a}{}% 1
\BOOKMARK [2][-]{subsection.1.1}{\376\377\000D\000i\000b\000u\000a\000t\000\040\000O\000l\000e\000h}{section.1}% 2
\BOOKMARK [1][-]{section.2}{\376\377\000S\000e\000t\000u\000p}{}% 3
\BOOKMARK [1][-]{section.3}{\376\377\000S\000O\000A\000L}{}% 4
\BOOKMARK [1][-]{section.4}{\376\377\000S\000O\000A\000L\000\040\0001}{}% 5
\BOOKMARK [1][-]{section.5}{\376\377\000S\000O\000A\000L\000\040\0002}{}% 6
\BOOKMARK [2][-]{subsection.5.1}{\376\377\000K\000o\000l\000o\000m\000\040\000`\000`\000f\000i\000x\000e\000d\000\040\000a\000c\000i\000d\000i\000t\000y\000'\000'}{section.5}% 7
\BOOKMARK [2][-]{subsection.5.2}{\376\377\000K\000o\000l\000o\000m\000\040\000`\000`\000f\000o\000l\000a\000t\000i\000l\000e\000\040\000a\000c\000i\000d\000i\000t\000y\000'\000'}{section.5}% 8
\BOOKMARK [2][-]{subsection.5.3}{\376\377\000K\000o\000l\000o\000m\000\040\000`\000`\000c\000i\000t\000r\000i\000c\000\040\000a\000c\000i\000d\000'\000'}{section.5}% 9
\BOOKMARK [2][-]{subsection.5.4}{\376\377\000K\000o\000l\000o\000m\000\040\000`\000`\000r\000e\000s\000i\000d\000u\000a\000l\000\040\000s\000u\000g\000a\000r\000'\000'}{section.5}% 10
\BOOKMARK [2][-]{subsection.5.5}{\376\377\000K\000o\000l\000o\000m\000\040\000`\000`\000c\000h\000l\000o\000r\000i\000d\000e\000s\000'\000'}{section.5}% 11
\BOOKMARK [2][-]{subsection.5.6}{\376\377\000K\000o\000l\000o\000m\000\040\000`\000`\000f\000r\000e\000e\000\040\000s\000u\000l\000f\000u\000r\000\040\000d\000i\000o\000x\000i\000d\000e\000'\000'}{section.5}% 12
\BOOKMARK [2][-]{subsection.5.7}{\376\377\000K\000o\000l\000o\000m\000\040\000`\000`\000t\000o\000t\000a\000l\000\040\000s\000u\000l\000f\000u\000r\000\040\000d\000i\000o\000x\000i\000d\000e\000'\000'}{section.5}% 13
\BOOKMARK [2][-]{subsection.5.8}{\376\377\000K\000o\000l\000o\000m\000\040\000`\000`\000d\000e\000n\000s\000i\000t\000y\000'\000'}{section.5}% 14
\BOOKMARK [2][-]{subsection.5.9}{\376\377\000K\000o\000l\000o\000m\000\040\000`\000`\000p\000H\000'\000'}{section.5}% 15
\BOOKMARK [2][-]{subsection.5.10}{\376\377\000K\000o\000l\000o\000m\000\040\000`\000`\000s\000u\000l\000p\000h\000a\000t\000e\000s\000'\000'}{section.5}% 16
\BOOKMARK [2][-]{subsection.5.11}{\376\377\000K\000o\000l\000o\000m\000\040\000`\000`\000a\000l\000c\000o\000h\000o\000l\000'\000'}{section.5}% 17
\BOOKMARK [1][-]{section.6}{\376\377\000S\000O\000A\000L\000\040\0003}{}% 18
\BOOKMARK [2][-]{subsection.6.1}{\376\377\000K\000o\000l\000o\000m\000\040\000F\000i\000x\000e\000d\000\040\000A\000c\000i\000d\000i\000t\000y}{section.6}% 19
\BOOKMARK [2][-]{subsection.6.2}{\376\377\000K\000o\000l\000o\000m\000\040\000V\000o\000l\000a\000t\000i\000l\000e\000\040\000A\000c\000i\000d\000i\000t\000y}{section.6}% 20
\BOOKMARK [2][-]{subsection.6.3}{\376\377\000K\000o\000l\000o\000m\000\040\000C\000i\000t\000r\000i\000c\000\040\000A\000c\000i\000d}{section.6}% 21
\BOOKMARK [2][-]{subsection.6.4}{\376\377\000K\000o\000l\000o\000m\000\040\000R\000e\000s\000i\000d\000u\000a\000l\000\040\000S\000u\000g\000a\000r}{section.6}% 22
\BOOKMARK [2][-]{subsection.6.5}{\376\377\000K\000o\000l\000o\000m\000\040\000C\000h\000l\000o\000r\000i\000d\000e\000s}{section.6}% 23
\BOOKMARK [2][-]{subsection.6.6}{\376\377\000K\000o\000l\000o\000m\000\040\000F\000r\000e\000e\000\040\000S\000u\000l\000f\000u\000r\000\040\000D\000i\000o\000x\000i\000d\000e}{section.6}% 24
\BOOKMARK [2][-]{subsection.6.7}{\376\377\000K\000o\000l\000o\000m\000\040\000T\000o\000t\000a\000l\000\040\000S\000u\000l\000f\000u\000r\000\040\000D\000i\000o\000x\000i\000d\000e}{section.6}% 25
\BOOKMARK [2][-]{subsection.6.8}{\376\377\000K\000o\000l\000o\000m\000\040\000D\000e\000n\000s\000i\000t\000y}{section.6}% 26
\BOOKMARK [2][-]{subsection.6.9}{\376\377\000K\000o\000l\000o\000m\000\040\000p\000H}{section.6}% 27
\BOOKMARK [2][-]{subsection.6.10}{\376\377\000K\000o\000l\000o\000m\000\040\000S\000u\000l\000p\000h\000a\000t\000e\000s}{section.6}% 28
\BOOKMARK [2][-]{subsection.6.11}{\376\377\000K\000o\000l\000o\000m\000\040\000A\000l\000c\000o\000h\000o\000l}{section.6}% 29
\BOOKMARK [1][-]{section.7}{\376\377\000S\000O\000A\000L\000\040\0004}{}% 30
\BOOKMARK [2][-]{subsection.7.1}{\376\377\000a\000.\000\040\000N\000i\000l\000a\000i\000\040\000r\000a\000t\000a\000-\000r\000a\000t\000a\000\040\000p\000H\000\040\000d\000i\000\040\000a\000t\000a\000s\000\040\0003\000.\0002\0009\000?}{section.7}% 31
\BOOKMARK [2][-]{subsection.7.2}{\376\377\000b\000.\000\040\000N\000i\000l\000a\000i\000\040\000r\000a\000t\000a\000-\000r\000a\000t\000a\000\040\000R\000e\000s\000i\000d\000u\000a\000l\000\040\000S\000u\000g\000a\000r\000\040\000t\000i\000d\000a\000k\000\040\000s\000a\000m\000a\000\040\000d\000e\000n\000g\000a\000n\000\040\0002\000.\0005\0000\000?}{section.7}% 32
\BOOKMARK [2][-]{subsection.7.3}{\376\377\000c\000.\000\040\000N\000i\000l\000a\000i\000\040\000r\000a\000t\000a\000-\000r\000a\000t\000a\000\040\0001\0005\0000\000\040\000b\000a\000r\000i\000s\000\040\000p\000e\000r\000t\000a\000m\000a\000\040\000k\000o\000l\000o\000m\000\040\000s\000u\000l\000p\000h\000a\000t\000e\000s\000\040\000b\000u\000k\000a\000n\000\040\0000\000.\0006\0005\000?}{section.7}% 33
\BOOKMARK [2][-]{subsection.7.4}{\376\377\000d\000.\000\040\000N\000i\000l\000a\000i\000\040\000r\000a\000t\000a\000-\000r\000a\000t\000a\000\040\000t\000o\000t\000a\000l\000\040\000s\000u\000l\000f\000u\000r\000\040\000d\000i\000o\000x\000i\000d\000e\000\040\000d\000i\000\040\000b\000a\000w\000a\000h\000\040\0003\0005\000?}{section.7}% 34
\BOOKMARK [2][-]{subsection.7.5}{\376\377\000e\000.\000\040\000P\000r\000o\000p\000o\000r\000s\000i\000\040\000n\000i\000l\000a\000i\000\040\000t\000o\000t\000a\000l\000\040\000S\000u\000l\000f\000a\000t\000\040\000D\000i\000o\000x\000i\000d\000e\000\040\000y\000a\000n\000g\000\040\000l\000e\000b\000i\000h\000\040\000d\000a\000r\000i\000\040\0004\0000\000,\000\040\000a\000d\000a\000l\000a\000h\000\040\000t\000i\000d\000a\000k\000\040\000s\000a\000m\000a\000\040\000d\000e\000n\000g\000a\000n\000\040\0005\0000\000\045}{section.7}% 35
\BOOKMARK [1][-]{section.8}{\376\377\000S\000O\000A\000L\000\040\0005}{}% 36
\BOOKMARK [2][-]{subsection.8.1}{\376\377\000a\000.\000\040\000D\000a\000t\000a\000\040\000k\000o\000l\000o\000m\000\040\000f\000i\000x\000e\000d\000\040\000a\000c\000i\000d\000i\000t\000y\000\040\000d\000i\000b\000a\000g\000i\000\040\0002\000\040\000s\000a\000m\000a\000\040\000r\000a\000t\000a\000:\000\040\000b\000a\000g\000i\000a\000n\000\040\000a\000w\000a\000l\000\040\000d\000a\000n\000\040\000b\000a\000g\000i\000a\000n\000\040\000a\000k\000h\000i\000r\000\040\000k\000o\000l\000o\000m\000.\000\040\000B\000e\000n\000a\000r\000k\000a\000h\000\040\000r\000a\000t\000a\000-\000r\000a\000t\000a\000\040\000k\000e\000d\000u\000a\000\040\000b\000a\000g\000i\000a\000n\000\040\000t\000e\000r\000s\000e\000b\000u\000t\000\040\000s\000a\000m\000a\000?}{section.8}% 37
\BOOKMARK [2][-]{subsection.8.2}{\376\377\000b\000.\000\040\000D\000a\000t\000a\000\040\000k\000o\000l\000o\000m\000\040\000c\000h\000l\000o\000r\000i\000d\000e\000s\000\040\000d\000i\000b\000a\000g\000i\000\040\0002\000\040\000s\000a\000m\000a\000\040\000r\000a\000t\000a\000:\000\040\000b\000a\000g\000i\000a\000n\000\040\000a\000w\000a\000l\000\040\000d\000a\000n\000\040\000b\000a\000g\000i\000a\000n\000\040\000a\000k\000h\000i\000r\000\040\000k\000o\000l\000o\000m\000.\000\040\000B\000e\000n\000a\000r\000k\000a\000h\000\040\000r\000a\000t\000a\000-\000r\000a\000t\000a\000\040\000b\000a\000g\000i\000a\000n\000\040\000a\000w\000a\000l\000\040\000l\000e\000b\000i\000h\000\040\000b\000e\000s\000a\000r\000\040\000d\000a\000r\000i\000p\000a\000d\000a\000\040\000b\000a\000g\000i\000a\000n\000\040\000a\000k\000h\000i\000r\000\040\000s\000e\000b\000e\000s\000a\000r\000\040\0000\000.\0000\0000\0001\000?}{section.8}% 38
\BOOKMARK [2][-]{subsection.8.3}{\376\377\000c\000.\000\040\000B\000e\000n\000a\000r\000k\000a\000h\000\040\000r\000a\000t\000a\000-\000r\000a\000t\000a\000\040\000s\000a\000m\000p\000e\000l\000\040\0002\0005\000\040\000b\000a\000r\000i\000s\000\040\000p\000e\000r\000t\000a\000m\000a\000\040\000k\000o\000l\000o\000m\000\040\000V\000o\000l\000a\000t\000i\000l\000e\000\040\000A\000c\000i\000d\000i\000t\000y\000\040\000s\000a\000m\000a\000\040\000d\000e\000n\000g\000a\000n\000\040\000r\000a\000t\000a\000-\000r\000a\000t\000a\000\040\0002\0005\000\040\000b\000a\000r\000i\000s\000\040\000p\000e\000r\000t\000a\000m\000a\000\040\000k\000o\000l\000o\000m\000\040\000S\000u\000l\000p\000h\000a\000t\000e\000s\000\040\000?}{section.8}% 39
\BOOKMARK [2][-]{subsection.8.4}{\376\377\000d\000.\000\040\000B\000a\000g\000i\000a\000n\000\040\000a\000w\000a\000l\000\040\000k\000o\000l\000o\000m\000\040\000r\000e\000s\000i\000d\000u\000a\000l\000\040\000s\000u\000g\000a\000r\000\040\000m\000e\000m\000i\000l\000i\000k\000i\000\040\000v\000a\000r\000i\000a\000n\000s\000i\000\040\000y\000a\000n\000g\000\040\000s\000a\000m\000a\000\040\000d\000e\000n\000g\000a\000n\000\040\000b\000a\000g\000i\000a\000n\000\040\000a\000k\000h\000i\000r\000n\000y\000a\000?}{section.8}% 40
\BOOKMARK [2][-]{subsection.8.5}{\376\377\000e\000.\000\040\000P\000r\000o\000p\000o\000r\000s\000i\000\040\000n\000i\000l\000a\000i\000\040\000s\000e\000t\000e\000n\000g\000a\000h\000\040\000b\000a\000g\000i\000a\000n\000\040\000a\000w\000a\000l\000\040\000a\000l\000c\000o\000h\000o\000l\000\040\000y\000a\000n\000g\000\040\000l\000e\000b\000i\000h\000\040\000d\000a\000r\000i\000\040\0007\000,\000\040\000a\000d\000a\000l\000a\000h\000\040\000l\000e\000b\000i\000h\000\040\000b\000e\000s\000a\000r\000\040\000d\000a\000r\000i\000p\000a\000d\000a\000,\000\040\000p\000r\000o\000p\000o\000r\000s\000i\000\040\000n\000i\000l\000a\000i\000\040\000y\000a\000n\000g\000\040\000s\000a\000m\000a\000\040\000d\000i\000\040\000s\000e\000t\000e\000n\000g\000a\000h\000\040\000b\000a\000g\000i\000a\000n\000\040\000a\000k\000h\000i\000r\000\040\000a\000l\000c\000o\000h\000o\000l\000?}{section.8}% 41
